<?xml version="1.0" encoding="UTF-8"?>
<!-- Generated by org.testng.reporters.JUnitReportReporter -->
<testsuite skipped="0" hostname="LAPTOP-PT93KTGA" name="org.execution.Question7" tests="3" failures="0" timestamp="20 Jan 2021 07:10:49 GMT" time="36.187" errors="0">
  <testcase name="tc1" time="11.834" classname="org.execution.Question7"/>
  <testcase name="tc1" time="12.303" classname="org.execution.Question7"/>
  <testcase name="tc1" time="12.050" classname="org.execution.Question7"/>
</testsuite> <!-- org.execution.Question7 -->
