<?xml version="1.0" encoding="UTF-8"?>
<!-- Generated by org.testng.reporters.JUnitReportReporter -->
<testsuite skipped="0" hostname="LAPTOP-PT93KTGA" name="org.execution.Question15" tests="1" failures="0" timestamp="21 Jan 2021 06:20:10 GMT" time="8.277" errors="0">
  <testcase name="test" time="8.277" classname="org.execution.Question15"/>
</testsuite> <!-- org.execution.Question15 -->
