<?xml version="1.0" encoding="UTF-8"?>
<!-- Generated by org.testng.reporters.JUnitReportReporter -->
<testsuite skipped="0" hostname="LAPTOP-PT93KTGA" name="org.execution.Question1" tests="1" failures="0" timestamp="12 Jan 2021 17:05:14 GMT" time="19.541" errors="0">
  <testcase name="tc1" time="19.541" classname="org.execution.Question1"/>
</testsuite> <!-- org.execution.Question1 -->
