<?xml version="1.0" encoding="UTF-8"?>
<!-- Generated by org.testng.reporters.JUnitReportReporter -->
<testsuite skipped="0" hostname="LAPTOP-PT93KTGA" name="org.execution.Question7" tests="3" failures="0" timestamp="21 Jan 2021 07:00:25 GMT" time="31.038" errors="0">
  <testcase name="tc1" time="10.114" classname="org.execution.Question7"/>
  <testcase name="tc1" time="10.585" classname="org.execution.Question7"/>
  <testcase name="tc1" time="10.339" classname="org.execution.Question7"/>
</testsuite> <!-- org.execution.Question7 -->
