<?xml version="1.0" encoding="UTF-8"?>
<!-- Generated by org.testng.reporters.JUnitReportReporter -->
<testsuite skipped="0" hostname="LAPTOP-PT93KTGA" name="org.execution.Question1" tests="1" failures="0" timestamp="18 Jan 2021 10:43:15 GMT" time="25.995" errors="0">
  <testcase name="tc1" time="25.995" classname="org.execution.Question1"/>
</testsuite> <!-- org.execution.Question1 -->
