<?xml version="1.0" encoding="UTF-8"?>
<!-- Generated by org.testng.reporters.JUnitReportReporter -->
<testsuite skipped="0" hostname="LAPTOP-PT93KTGA" name="org.execution.Question3" tests="1" failures="0" timestamp="12 Jan 2021 17:37:38 GMT" time="6.201" errors="0">
  <testcase name="tc1" time="6.201" classname="org.execution.Question3"/>
</testsuite> <!-- org.execution.Question3 -->
