<?xml version="1.0" encoding="UTF-8"?>
<!-- Generated by org.testng.reporters.JUnitReportReporter -->
<testsuite skipped="0" hostname="LAPTOP-PT93KTGA" name="org.execution.Question12" tests="7" failures="0" timestamp="18 Jan 2021 08:43:34 GMT" time="7.111" errors="0">
  <testcase name="tc4" time="0.102" classname="org.execution.Question12"/>
  <testcase name="tc1" time="6.238" classname="org.execution.Question12"/>
  <testcase name="tc5" time="0.116" classname="org.execution.Question12"/>
  <testcase name="tc7" time="0.182" classname="org.execution.Question12"/>
  <testcase name="tc3" time="0.098" classname="org.execution.Question12"/>
  <testcase name="tc2" time="0.175" classname="org.execution.Question12"/>
  <testcase name="tc6" time="0.200" classname="org.execution.Question12"/>
</testsuite> <!-- org.execution.Question12 -->
