<?xml version="1.0" encoding="UTF-8"?>
<!-- Generated by org.testng.reporters.JUnitReportReporter -->
<testsuite skipped="0" hostname="LAPTOP-PT93KTGA" name="org.execution.Question11" tests="2" failures="0" timestamp="18 Jan 2021 07:41:25 GMT" time="13.938" errors="0">
  <testcase name="tc1" time="7.508" classname="org.execution.Question11"/>
  <testcase name="tc2" time="6.430" classname="org.execution.Question11"/>
</testsuite> <!-- org.execution.Question11 -->
