<?xml version="1.0" encoding="UTF-8"?>
<!-- Generated by org.testng.reporters.JUnitReportReporter -->
<testsuite skipped="0" hostname="LAPTOP-PT93KTGA" name="org.execution.Question6" tests="3" failures="0" timestamp="15 Jan 2021 10:55:06 GMT" time="71.825" errors="0">
  <testcase name="tc1" time="20.540" classname="org.execution.Question6"/>
  <testcase name="tc1" time="28.482" classname="org.execution.Question6"/>
  <testcase name="tc1" time="22.803" classname="org.execution.Question6"/>
</testsuite> <!-- org.execution.Question6 -->
