<?xml version="1.0" encoding="UTF-8"?>
<!-- Generated by org.testng.reporters.JUnitReportReporter -->
<testsuite skipped="0" hostname="LAPTOP-PT93KTGA" name="org.execution.Question5" tests="1" failures="0" timestamp="18 Jan 2021 06:05:54 GMT" time="8.478" errors="0">
  <testcase name="tc2" time="8.478" classname="org.execution.Question5"/>
</testsuite> <!-- org.execution.Question5 -->
