<?xml version="1.0" encoding="UTF-8"?>
<!-- Generated by org.testng.reporters.JUnitReportReporter -->
<testsuite skipped="0" hostname="LAPTOP-PT93KTGA" name="org.execution.Question8" tests="1" failures="0" timestamp="18 Jan 2021 06:23:44 GMT" time="5.447" errors="0">
  <testcase name="tc1" time="5.447" classname="org.execution.Question8"/>
</testsuite> <!-- org.execution.Question8 -->
