<?xml version="1.0" encoding="UTF-8"?>
<!-- Generated by org.testng.reporters.JUnitReportReporter -->
<testsuite skipped="0" hostname="LAPTOP-PT93KTGA" name="org.execution.Question14" tests="1" failures="0" timestamp="18 Jan 2021 09:35:00 GMT" time="4.660" errors="0">
  <testcase name="tc1" time="4.660" classname="org.execution.Question14"/>
</testsuite> <!-- org.execution.Question14 -->
