<?xml version="1.0" encoding="UTF-8"?>
<!-- Generated by org.testng.reporters.JUnitReportReporter -->
<testsuite skipped="0" hostname="LAPTOP-PT93KTGA" name="org.execution.Question2" tests="1" failures="0" timestamp="12 Jan 2021 17:21:02 GMT" time="4.272" errors="0">
  <testcase name="tc1" time="4.272" classname="org.execution.Question2"/>
</testsuite> <!-- org.execution.Question2 -->
