<?xml version="1.0" encoding="UTF-8"?>
<!-- Generated by org.testng.reporters.JUnitReportReporter -->
<testsuite skipped="2" hostname="LAPTOP-PT93KTGA" name="org.practice.Practice" tests="8" failures="0" timestamp="30 Dec 2020 13:13:29 GMT" time="0.023" errors="0">
  <testcase name="tc5" time="0.002" classname="org.practice.Practice"/>
  <testcase name="tc4" time="0.013" classname="org.practice.Practice"/>
  <testcase name="tc6" time="0.001" classname="org.practice.Practice"/>
  <testcase name="tc6" time="0.003" classname="org.practice.Practice"/>
  <testcase name="tc6" time="0.002" classname="org.practice.Practice"/>
  <testcase name="tc1" time="0.002" classname="org.practice.Practice"/>
  <testcase name="tc2" classname="org.practice.Practice">
    <skipped/>
  </testcase> <!-- tc2 -->
  <testcase name="tc3" classname="org.practice.Practice">
    <skipped/>
  </testcase> <!-- tc3 -->
</testsuite> <!-- org.practice.Practice -->
