<?xml version="1.0" encoding="UTF-8"?>
<!-- Generated by org.testng.reporters.JUnitReportReporter -->
<testsuite skipped="0" hostname="LAPTOP-PT93KTGA" name="org.execution.Question15" tests="1" failures="0" timestamp="18 Jan 2021 10:14:28 GMT" time="5.806" errors="0">
  <testcase name="test" time="5.806" classname="org.execution.Question15"/>
</testsuite> <!-- org.execution.Question15 -->
