<?xml version="1.0" encoding="UTF-8"?>
<!-- Generated by org.testng.reporters.JUnitReportReporter -->
<testsuite skipped="0" hostname="LAPTOP-PT93KTGA" name="org.execution.Question4" tests="1" failures="0" timestamp="15 Jan 2021 11:41:10 GMT" time="9.212" errors="0">
  <testcase name="tc1" time="9.212" classname="org.execution.Question4"/>
</testsuite> <!-- org.execution.Question4 -->
